*** Using Compiler 'V6.21', folder: 'D:\Keil_v5\ARM\ARMCLANG\Bin'
Build target 'VenusMainProgram_STM32H723_FreeRTOS'
compiling spi.c...
compiling main.c...
compiling stm32h7xx_hal_msp.c...
compiling gpio.c...
compiling stm32h7xx_it.c...
compiling freertos.c...
compiling stm32h7xx_hal_timebase_tim.c...
compiling i2c.c...
compiling tim.c...
compiling usart.c...
compiling fdcan.c...
compiling stm32h7xx_hal_cortex.c...
compiling stm32h7xx_hal_flash.c...
compiling stm32h7xx_hal_rcc.c...
compiling stm32h7xx_hal_rcc_ex.c...
compiling stm32h7xx_hal_gpio.c...
compiling stm32h7xx_hal_hsem.c...
compiling stm32h7xx_hal_flash_ex.c...
compiling stm32h7xx_hal_pwr.c...
compiling stm32h7xx_hal_dma_ex.c...
compiling stm32h7xx_hal_i2c_ex.c...
compiling stm32h7xx_hal_exti.c...
compiling stm32h7xx_hal_spi_ex.c...
compiling stm32h7xx_hal_pwr_ex.c...
compiling stm32h7xx_hal.c...
compiling stm32h7xx_hal_mdma.c...
compiling stm32h7xx_hal_dma.c...
compiling croutine.c...
compiling list.c...
compiling event_groups.c...
compiling system_stm32h7xx.c...
compiling stm32h7xx_hal_spi.c...
compiling stm32h7xx_hal_uart_ex.c...
compiling stm32h7xx_hal_fdcan.c...
compiling timers.c...
compiling stream_buffer.c...
compiling heap_4.c...
compiling stm32h7xx_hal_tim_ex.c...
compiling queue.c...
compiling IIC_drv.c...
compiling tasks.c...
compiling port.c...
compiling stm32h7xx_hal_uart.c...
compiling stm32h7xx_hal_i2c.c...
compiling CAN_drv.c...
compiling GPIO_drv.c...
compiling UART_drv.c...
compiling stm32h7xx_hal_tim.c...
compiling TIM_drv.c...
compiling Driver_drv.c...
compiling cmsis_os2.c...
compiling DJI_Motor_dev.c...
compiling kalman.c...
compiling ICM42688_dev.c...
compiling Device_dev.c...
compiling kalman_filter.c...
compiling FS_IA6B_dev.c...
compiling IIC_potocol.c...
compiling SPI_potocol.c...
compiling MI_Motor_dev.c...
compiling pid.c...
compiling Mahony.c...
compiling CAN_potocol.c...
compiling UART_potocol.c...
compiling Bsp_usart_fputc.c...
compiling chassis_task.c...
compiling monitor_task.c...
compiling control_task.c...
compiling return_task.c...
compiling BayesFunctions.c...
compiling BayesFunctionsF16.c...
compiling system_task.c...
compiling BasicMathFunctionsF16.c...
compiling ComplexMathFunctionsF16.c...
compiling ControllerFunctions.c...
compiling ComplexMathFunctions.c...
compiling CommonTablesF16.c...
compiling DistanceFunctionsF16.c...
compiling FastMathFunctionsF16.c...
compiling DistanceFunctions.c...
compiling BasicMathFunctions.c...
compiling InterpolationFunctionsF16.c...
compiling FastMathFunctions.c...
compiling FilteringFunctionsF16.c...
compiling QuaternionMathFunctions.c...
compiling SVMFunctions.c...
compiling InterpolationFunctions.c...
compiling SVMFunctionsF16.c...
compiling SupportFunctionsF16.c...
compiling StatisticsFunctionsF16.c...
compiling MatrixFunctionsF16.c...
compiling SupportFunctions.c...
compiling CommonTables.c...
compiling StatisticsFunctions.c...
compiling TransformFunctionsF16.c...
compiling MatrixFunctions.c...
compiling TransformFunctions.c...
compiling FilteringFunctions.c...
linking...
Program Size: Code=46452 RO-data=1388 RW-data=60 ZI-data=22748  
After Build - User command #1: ..\DisplayMemorySizeTools\keil5_disp_size_bar.exe
"VenusMainProgram_STM32H723_FreeRTOS\VenusMainProgram_STM32H723_FreeRTOS.axf" - 0 Error(s), 0 Warning(s).
Build Time Elapsed:  00:00:18
